# JRE version: Java(TM) SE Runtime Environment (8.0_291-b10) (build 1.8.0_291-b10)
# Java VM: Java HotSpot(TM) 64-Bit Server VM (25.291-b10 mixed mode windows-amd64 compressed oops)
Heap:
 PSYoungGen      total 59392K, used 16188K [0x00000000edf80000, 0x00000000f2880000, 0x0000000100000000)
  eden space 57344K, 28% used [0x00000000edf80000,0x00000000eef4f180,0x00000000f1780000)
  from space 2048K, 0% used [0x00000000f1980000,0x00000000f1980000,0x00000000f1b80000)
  to   space 8704K, 0% used [0x00000000f2000000,0x00000000f2000000,0x00000000f2880000)
 ParOldGen       total 36864K, used 10090K [0x00000000c9e00000, 0x00000000cc200000, 0x00000000edf80000)
  object space 36864K, 27% used [0x00000000c9e00000,0x00000000ca7da9e8,0x00000000cc200000)
 Metaspace       used 22069K, capacity 22972K, committed 23040K, reserved 1069056K
  class space    used 2846K, capacity 3062K, committed 3072K, reserved 1048576K
GC Heap History (10 events):
Event: 5.096 GC heap before
{Heap before GC invocations=2 (full 0):
 PSYoungGen      total 16896K, used 16884K [0x00000000edf80000, 0x00000000f0080000, 0x0000000100000000)
  eden space 14848K, 100% used [0x00000000edf80000,0x00000000eee00000,0x00000000eee00000)
  from space 2048K, 99% used [0x00000000eee00000,0x00000000eeffd3c0,0x00000000ef000000)
  to   space 2048K, 0% used [0x00000000efe80000,0x00000000efe80000,0x00000000f0080000)
 ParOldGen       total 38400K, used 963K [0x00000000c9e00000, 0x00000000cc380000, 0x00000000edf80000)
  object space 38400K, 2% used [0x00000000c9e00000,0x00000000c9ef0fd0,0x00000000cc380000)
 Metaspace       used 8657K, capacity 8882K, committed 9088K, reserved 1056768K
  class space    used 954K, capacity 1039K, committed 1152K, reserved 1048576K
Event: 5.106 GC heap after
Heap after GC invocations=2 (full 0):
 PSYoungGen      total 31744K, used 2032K [0x00000000edf80000, 0x00000000f0080000, 0x0000000100000000)
  eden space 29696K, 0% used [0x00000000edf80000,0x00000000edf80000,0x00000000efc80000)
  from space 2048K, 99% used [0x00000000efe80000,0x00000000f007c010,0x00000000f0080000)
  to   space 2048K, 0% used [0x00000000efc80000,0x00000000efc80000,0x00000000efe80000)
 ParOldGen       total 38400K, used 2842K [0x00000000c9e00000, 0x00000000cc380000, 0x00000000edf80000)
  object space 38400K, 7% used [0x00000000c9e00000,0x00000000ca0c6870,0x00000000cc380000)
 Metaspace       used 8657K, capacity 8882K, committed 9088K, reserved 1056768K
  class space    used 954K, capacity 1039K, committed 1152K, reserved 1048576K
}
Event: 6.002 GC heap before
{Heap before GC invocations=3 (full 0):
 PSYoungGen      total 31744K, used 31728K [0x00000000edf80000, 0x00000000f0080000, 0x0000000100000000)
  eden space 29696K, 100% used [0x00000000edf80000,0x00000000efc80000,0x00000000efc80000)
  from space 2048K, 99% used [0x00000000efe80000,0x00000000f007c010,0x00000000f0080000)
  to   space 2048K, 0% used [0x00000000efc80000,0x00000000efc80000,0x00000000efe80000)
 ParOldGen       total 38400K, used 2842K [0x00000000c9e00000, 0x00000000cc380000, 0x00000000edf80000)
  object space 38400K, 7% used [0x00000000c9e00000,0x00000000ca0c6870,0x00000000cc380000)
 Metaspace       used 13259K, capacity 13546K, committed 13824K, reserved 1060864K
  class space    used 1570K, capacity 1675K, committed 1792K, reserved 1048576K
Event: 6.013 GC heap after
Heap after GC invocations=3 (full 0):
 PSYoungGen      total 31744K, used 2036K [0x00000000edf80000, 0x00000000f1d80000, 0x0000000100000000)
  eden space 29696K, 0% used [0x00000000edf80000,0x00000000edf80000,0x00000000efc80000)
  from space 2048K, 99% used [0x00000000efc80000,0x00000000efe7d3d0,0x00000000efe80000)
  to   space 2048K, 0% used [0x00000000f1b80000,0x00000000f1b80000,0x00000000f1d80000)
 ParOldGen       total 38400K, used 7507K [0x00000000c9e00000, 0x00000000cc380000, 0x00000000edf80000)
  object space 38400K, 19% used [0x00000000c9e00000,0x00000000ca554e80,0x00000000cc380000)
 Metaspace       used 13259K, capacity 13546K, committed 13824K, reserved 1060864K
  class space    used 1570K, capacity 1675K, committed 1792K, reserved 1048576K
}
Event: 7.573 GC heap before
{Heap before GC invocations=4 (full 0):
 PSYoungGen      total 31744K, used 31732K [0x00000000edf80000, 0x00000000f1d80000, 0x0000000100000000)
  eden space 29696K, 100% used [0x00000000edf80000,0x00000000efc80000,0x00000000efc80000)
  from space 2048K, 99% used [0x00000000efc80000,0x00000000efe7d3d0,0x00000000efe80000)
  to   space 2048K, 0% used [0x00000000f1b80000,0x00000000f1b80000,0x00000000f1d80000)
 ParOldGen       total 38400K, used 7507K [0x00000000c9e00000, 0x00000000cc380000, 0x00000000edf80000)
  object space 38400K, 19% used [0x00000000c9e00000,0x00000000ca554e80,0x00000000cc380000)
 Metaspace       used 19399K, capacity 20160K, committed 20352K, reserved 1067008K
  class space    used 2428K, capacity 2638K, committed 2688K, reserved 1048576K
Event: 7.587 GC heap after
Heap after GC invocations=4 (full 0):
 PSYoungGen      total 61440K, used 2032K [0x00000000edf80000, 0x00000000f1d80000, 0x0000000100000000)
  eden space 59392K, 0% used [0x00000000edf80000,0x00000000edf80000,0x00000000f1980000)
  from space 2048K, 99% used [0x00000000f1b80000,0x00000000f1d7c030,0x00000000f1d80000)
  to   space 2048K, 0% used [0x00000000f1980000,0x00000000f1980000,0x00000000f1b80000)
 ParOldGen       total 38400K, used 12265K [0x00000000c9e00000, 0x00000000cc380000, 0x00000000edf80000)
  object space 38400K, 31% used [0x00000000c9e00000,0x00000000ca9fa528,0x00000000cc380000)
 Metaspace       used 19399K, capacity 20160K, committed 20352K, reserved 1067008K
  class space    used 2428K, capacity 2638K, committed 2688K, reserved 1048576K
}
Event: 8.933 GC heap before
{Heap before GC invocations=5 (full 0):
 PSYoungGen      total 61440K, used 10868K [0x00000000edf80000, 0x00000000f1d80000, 0x0000000100000000)
  eden space 59392K, 14% used [0x00000000edf80000,0x00000000ee821160,0x00000000f1980000)
  from space 2048K, 99% used [0x00000000f1b80000,0x00000000f1d7c030,0x00000000f1d80000)
  to   space 2048K, 0% used [0x00000000f1980000,0x00000000f1980000,0x00000000f1b80000)
 ParOldGen       total 38400K, used 12265K [0x00000000c9e00000, 0x00000000cc380000, 0x00000000edf80000)
  object space 38400K, 31% used [0x00000000c9e00000,0x00000000ca9fa528,0x00000000cc380000)
 Metaspace       used 20430K, capacity 21194K, committed 21248K, reserved 1067008K
  class space    used 2561K, capacity 2769K, committed 2816K, reserved 1048576K
Event: 8.938 GC heap after
Heap after GC invocations=5 (full 0):
 PSYoungGen      total 59392K, used 2020K [0x00000000edf80000, 0x00000000f2880000, 0x0000000100000000)
  eden space 57344K, 0% used [0x00000000edf80000,0x00000000edf80000,0x00000000f1780000)
  from space 2048K, 98% used [0x00000000f1980000,0x00000000f1b793c0,0x00000000f1b80000)
  to   space 8704K, 0% used [0x00000000f2000000,0x00000000f2000000,0x00000000f2880000)
 ParOldGen       total 38400K, used 13184K [0x00000000c9e00000, 0x00000000cc380000, 0x00000000edf80000)
  object space 38400K, 34% used [0x00000000c9e00000,0x00000000caae0120,0x00000000cc380000)
 Metaspace       used 20430K, capacity 21194K, committed 21248K, reserved 1067008K
  class space    used 2561K, capacity 2769K, committed 2816K, reserved 1048576K
}
Event: 8.938 GC heap before
{Heap before GC invocations=6 (full 1):
 PSYoungGen      total 59392K, used 2020K [0x00000000edf80000, 0x00000000f2880000, 0x0000000100000000)
  eden space 57344K, 0% used [0x00000000edf80000,0x00000000edf80000,0x00000000f1780000)
  from space 2048K, 98% used [0x00000000f1980000,0x00000000f1b793c0,0x00000000f1b80000)
  to   space 8704K, 0% used [0x00000000f2000000,0x00000000f2000000,0x00000000f2880000)
 ParOldGen       total 38400K, used 13184K [0x00000000c9e00000, 0x00000000cc380000, 0x00000000edf80000)
  object space 38400K, 34% used [0x00000000c9e00000,0x00000000caae0120,0x00000000cc380000)
 Metaspace       used 20430K, capacity 21194K, committed 21248K, reserved 1067008K
  class space    used 2561K, capacity 2769K, committed 2816K, reserved 1048576K
Event: 8.987 GC heap after
Heap after GC invocations=6 (full 1):
 PSYoungGen      total 59392K, used 0K [0x00000000edf80000, 0x00000000f2880000, 0x0000000100000000)
  eden space 57344K, 0% used [0x00000000edf80000,0x00000000edf80000,0x00000000f1780000)
  from space 2048K, 0% used [0x00000000f1980000,0x00000000f1980000,0x00000000f1b80000)
  to   space 8704K, 0% used [0x00000000f2000000,0x00000000f2000000,0x00000000f2880000)
 ParOldGen       total 36864K, used 10090K [0x00000000c9e00000, 0x00000000cc200000, 0x00000000edf80000)
  object space 36864K, 27% used [0x00000000c9e00000,0x00000000ca7da9e8,0x00000000cc200000)
 Metaspace       used 20430K, capacity 21194K, committed 21248K, reserved 1067008K
  class space    used 2561K, capacity 2769K, committed 2816K, reserved 1048576K
}

